2016-10-19 04:16:37 DEBUG Time - variable value  localDateTime : {
  "date": {
    "year": 2016,
    "month": 10,
    "day": 19
  },
  "time": {
    "hour": 0,
    "minute": 0,
    "second": 0,
    "nano": 0
  }
}
2016-10-19 04:16:37 DEBUG Time - variable value  between : {
  "seconds": 15397,
  "nanos": 51000000
}
2016-10-19 04:16:37 DEBUG DefineTimePartDay - variable value current_time : 15397
2016-10-19 04:16:37 DEBUG DefineTimePartDay - variable value lang : "night"
2016-10-19 04:16:37 DEBUG Time - variable value  localDateTime : {
  "date": {
    "year": 2016,
    "month": 10,
    "day": 19
  },
  "time": {
    "hour": 0,
    "minute": 0,
    "second": 0,
    "nano": 0
  }
}
2016-10-19 04:16:37 DEBUG Time - variable value  between : {
  "seconds": 15397,
  "nanos": 62000000
}
2016-10-19 04:16:37 DEBUG DefineTimePartDay - variable value current_time : 15397
2016-10-19 04:16:37 DEBUG DefineTimePartDay - variable value lang : "night"
2016-10-19 04:16:37 DEBUG Time - variable value  localDateTime : {
  "date": {
    "year": 2016,
    "month": 10,
    "day": 19
  },
  "time": {
    "hour": 0,
    "minute": 0,
    "second": 0,
    "nano": 0
  }
}
2016-10-19 04:16:37 DEBUG Time - variable value  between : {
  "seconds": 15397,
  "nanos": 64000000
}
2016-10-19 04:16:37 DEBUG DefineTimePartDay - variable value current_time : 15397
2016-10-19 04:16:37 DEBUG DefineTimePartDay - variable value lang : "night"
2016-10-19 04:16:37 DEBUG Time - variable value  localDateTime : {
  "date": {
    "year": 2016,
    "month": 10,
    "day": 19
  },
  "time": {
    "hour": 0,
    "minute": 0,
    "second": 0,
    "nano": 0
  }
}
2016-10-19 04:16:37 DEBUG Time - variable value  between : {
  "seconds": 15397,
  "nanos": 79000000
}
2016-10-19 04:16:37 DEBUG Time - variable value  localDateTime : {
  "date": {
    "year": 2016,
    "month": 10,
    "day": 19
  },
  "time": {
    "hour": 0,
    "minute": 0,
    "second": 0,
    "nano": 0
  }
}
2016-10-19 04:16:37 DEBUG Time - variable value  between : {
  "seconds": 15397,
  "nanos": 80000000
}
2016-10-19 04:16:37 DEBUG GetLocal - variable value local : "ru_RU"
2016-10-19 04:16:37 DEBUG GetLocal - variable value local : "ru_RU"
2016-10-19 04:16:37 DEBUG Time - variable value  localDateTime : {
  "date": {
    "year": 2016,
    "month": 10,
    "day": 19
  },
  "time": {
    "hour": 0,
    "minute": 0,
    "second": 0,
    "nano": 0
  }
}
2016-10-19 04:16:37 DEBUG Time - variable value  between : {
  "seconds": 15397,
  "nanos": 159000000
}
2016-10-19 04:16:37 DEBUG DefineTimePartDay - variable value current_time : 15397
2016-10-19 04:16:37 DEBUG DefineTimePartDay - variable value lang : "night"
2016-10-19 04:16:45 DEBUG Time - variable value  localDateTime : {
  "date": {
    "year": 2016,
    "month": 10,
    "day": 19
  },
  "time": {
    "hour": 0,
    "minute": 0,
    "second": 0,
    "nano": 0
  }
}
2016-10-19 04:16:45 DEBUG Time - variable value  between : {
  "seconds": 15405,
  "nanos": 405000000
}
2016-10-19 04:16:45 DEBUG Time - variable value  localDateTime : {
  "date": {
    "year": 2016,
    "month": 10,
    "day": 19
  },
  "time": {
    "hour": 0,
    "minute": 0,
    "second": 0,
    "nano": 0
  }
}
2016-10-19 04:16:45 DEBUG Time - variable value  between : {
  "seconds": 15405,
  "nanos": 472000000
}
2016-10-19 04:16:45 DEBUG DefineTimePartDay - variable value current_time : 15405
2016-10-19 04:16:45 DEBUG DefineTimePartDay - variable value lang : "night"
2016-10-19 04:16:54 DEBUG Time - variable value  localDateTime : {
  "date": {
    "year": 2016,
    "month": 10,
    "day": 19
  },
  "time": {
    "hour": 0,
    "minute": 0,
    "second": 0,
    "nano": 0
  }
}
2016-10-19 04:16:54 DEBUG Time - variable value  between : {
  "seconds": 15414,
  "nanos": 552000000
}
2016-10-19 04:16:54 DEBUG Time - variable value  Calendar  : {
  "year": 2016,
  "month": 9,
  "dayOfMonth": 19,
  "hourOfDay": 4,
  "minute": 16,
  "second": 54
}
2016-10-19 04:18:38 DEBUG Time - variable value  localDateTime : {
  "date": {
    "year": 2016,
    "month": 10,
    "day": 19
  },
  "time": {
    "hour": 0,
    "minute": 0,
    "second": 0,
    "nano": 0
  }
}
2016-10-19 04:18:38 DEBUG Time - variable value  between : {
  "seconds": 15518,
  "nanos": 214000000
}
2016-10-19 04:18:38 DEBUG Time - variable value  localDateTime : {
  "date": {
    "year": 2016,
    "month": 10,
    "day": 19
  },
  "time": {
    "hour": 0,
    "minute": 0,
    "second": 0,
    "nano": 0
  }
}
2016-10-19 04:18:38 DEBUG Time - variable value  between : {
  "seconds": 15518,
  "nanos": 270000000
}
2016-10-19 04:18:38 DEBUG DefineTimePartDay - variable value current_time : 15518
2016-10-19 04:18:38 DEBUG DefineTimePartDay - variable value lang : "night"
2016-10-19 04:18:38 DEBUG Time - variable value  localDateTime : {
  "date": {
    "year": 2016,
    "month": 10,
    "day": 19
  },
  "time": {
    "hour": 0,
    "minute": 0,
    "second": 0,
    "nano": 0
  }
}
2016-10-19 04:18:38 DEBUG Time - variable value  between : {
  "seconds": 15518,
  "nanos": 279000000
}
2016-10-19 04:18:38 DEBUG DefineTimePartDay - variable value current_time : 15518
2016-10-19 04:18:38 DEBUG DefineTimePartDay - variable value lang : "night"
2016-10-19 04:18:38 DEBUG Time - variable value  localDateTime : {
  "date": {
    "year": 2016,
    "month": 10,
    "day": 19
  },
  "time": {
    "hour": 0,
    "minute": 0,
    "second": 0,
    "nano": 0
  }
}
2016-10-19 04:18:38 DEBUG Time - variable value  between : {
  "seconds": 15518,
  "nanos": 281000000
}
2016-10-19 04:18:38 DEBUG DefineTimePartDay - variable value current_time : 15518
2016-10-19 04:18:38 DEBUG DefineTimePartDay - variable value lang : "night"
2016-10-19 04:18:38 DEBUG Time - variable value  localDateTime : {
  "date": {
    "year": 2016,
    "month": 10,
    "day": 19
  },
  "time": {
    "hour": 0,
    "minute": 0,
    "second": 0,
    "nano": 0
  }
}
2016-10-19 04:18:38 DEBUG Time - variable value  between : {
  "seconds": 15518,
  "nanos": 293000000
}
2016-10-19 04:18:38 DEBUG Time - variable value  localDateTime : {
  "date": {
    "year": 2016,
    "month": 10,
    "day": 19
  },
  "time": {
    "hour": 0,
    "minute": 0,
    "second": 0,
    "nano": 0
  }
}
2016-10-19 04:18:38 DEBUG Time - variable value  between : {
  "seconds": 15518,
  "nanos": 294000000
}
2016-10-19 04:18:38 DEBUG GetLocal - variable value local : "ru_RU"
2016-10-19 04:18:38 DEBUG GetLocal - variable value local : "ru_RU"
2016-10-19 04:18:38 DEBUG Time - variable value  localDateTime : {
  "date": {
    "year": 2016,
    "month": 10,
    "day": 19
  },
  "time": {
    "hour": 0,
    "minute": 0,
    "second": 0,
    "nano": 0
  }
}
2016-10-19 04:18:38 DEBUG Time - variable value  between : {
  "seconds": 15518,
  "nanos": 375000000
}
2016-10-19 04:18:38 DEBUG DefineTimePartDay - variable value current_time : 15518
2016-10-19 04:18:38 DEBUG DefineTimePartDay - variable value lang : "night"
2016-10-19 04:19:00 DEBUG Time - variable value  localDateTime : {
  "date": {
    "year": 2016,
    "month": 10,
    "day": 19
  },
  "time": {
    "hour": 0,
    "minute": 0,
    "second": 0,
    "nano": 0
  }
}
2016-10-19 04:19:00 DEBUG Time - variable value  between : {
  "seconds": 15540,
  "nanos": 248000000
}
2016-10-19 04:19:00 DEBUG Time - variable value  Calendar  : {
  "year": 2016,
  "month": 9,
  "dayOfMonth": 19,
  "hourOfDay": 4,
  "minute": 19,
  "second": 0
}
2016-10-19 04:19:03 DEBUG ClientSettings - ClientSettings.class variable value  df_line  : "a"
2016-10-19 04:19:03 DEBUG RunnerStructure - current variable value true или false : true  
2016-10-19 04:19:03 DEBUG GetLocal - variable value local : "ru_RU"
2016-10-19 04:19:03 DEBUG RunnerStructure - variable value getLocal_st (automatic) : "ru_RU"
2016-10-19 04:19:03 DEBUG SetCash - variable value line_k : "evening"
2016-10-19 04:19:03 DEBUG SetCash - variable value line_v : "Добрый вечер, Мир!"
2016-10-19 04:19:03 DEBUG SetCash - variable value line_k : "day"
2016-10-19 04:19:03 DEBUG SetCash - variable value line_v : "Добрый день, Мир!"
2016-10-19 04:19:03 DEBUG SetCash - variable value line_k : "night"
2016-10-19 04:19:03 DEBUG SetCash - variable value line_v : "Доброй ночи, Мир!"
2016-10-19 04:19:03 DEBUG SetCash - variable value line_k : "morning"
2016-10-19 04:19:03 DEBUG SetCash - variable value line_v : "Доброго утра, Мир!"
2016-10-19 04:19:03 DEBUG RunnerStructure - object which was selected to display =  display_lt_ru
2016-10-19 04:19:03 DEBUG Time - variable value  localDateTime : {
  "date": {
    "year": 2016,
    "month": 10,
    "day": 19
  },
  "time": {
    "hour": 0,
    "minute": 0,
    "second": 0,
    "nano": 0
  }
}
2016-10-19 04:19:04 DEBUG Time - variable value  between : {
  "seconds": 15543,
  "nanos": 999000000
}
2016-10-19 04:19:04 DEBUG DefineTimePartDay - variable value current_time : 15543
2016-10-19 04:19:04 DEBUG DefineTimePartDay - variable value lang : "night"
2016-10-19 05:34:42 DEBUG Time - variable value  localDateTime : {
  "date": {
    "year": 2016,
    "month": 10,
    "day": 19
  },
  "time": {
    "hour": 0,
    "minute": 0,
    "second": 0,
    "nano": 0
  }
}
2016-10-19 05:34:42 DEBUG Time - variable value  between : {
  "seconds": 20082,
  "nanos": 844000000
}
2016-10-19 05:34:42 DEBUG Time - variable value  Calendar  : {
  "year": 2016,
  "month": 9,
  "dayOfMonth": 19,
  "hourOfDay": 5,
  "minute": 34,
  "second": 42
}
2016-10-19 05:34:50 DEBUG ClientSettings - ClientSettings.class variable value  df_line  : "g"
2016-10-19 05:34:50 DEBUG RunnerStructure - current variable value true или false : false  
2016-10-19 05:34:53 DEBUG GetLocal - variable value line : "uk"
2016-10-19 05:34:53 DEBUG GetLocal - variable value local : "uk_UK"
2016-10-19 05:34:53 DEBUG RunnerStructure - variable value getLocal_st (manually) : null
2016-10-19 05:34:53 DEBUG SetCash - variable value line_k : "evening"
2016-10-19 05:34:53 DEBUG SetCash - variable value line_v : "Добрий вечір, Світ!"
2016-10-19 05:34:53 DEBUG SetCash - variable value line_k : "day"
2016-10-19 05:34:53 DEBUG SetCash - variable value line_v : "Добрий день, Світ!"
2016-10-19 05:34:53 DEBUG SetCash - variable value line_k : "night"
2016-10-19 05:34:53 DEBUG SetCash - variable value line_v : "Доброї ночі, Світ!"
2016-10-19 05:34:53 DEBUG SetCash - variable value line_k : "morning"
2016-10-19 05:34:53 DEBUG SetCash - variable value line_v : "Добрий ранок, Світ!"
2016-10-19 05:34:53 DEBUG RunnerStructure - object which was selected to display =  display_lt_uk
2016-10-19 05:34:53 DEBUG Time - variable value  localDateTime : {
  "date": {
    "year": 2016,
    "month": 10,
    "day": 19
  },
  "time": {
    "hour": 0,
    "minute": 0,
    "second": 0,
    "nano": 0
  }
}
2016-10-19 05:34:53 DEBUG Time - variable value  between : {
  "seconds": 20093,
  "nanos": 386000000
}
2016-10-19 05:34:53 DEBUG DefineTimePartDay - variable value current_time : 20093
2016-10-19 05:34:53 DEBUG DefineTimePartDay - variable value lang : "night"
